Importer Log Report
Project : Ethernet Shield v2.0.PrjPcb

Section : Analyze Document - C:\Users\Raheel Farouk\Documents\!University Work\2022 Fall\ECE1185\Design Project 3\li.tel-VTM\Datasheets\eagle files\Ethernet Shield v2.0.brd
    Analyzing data of C:\Users\Raheel Farouk\Documents\!University Work\2022 Fall\ECE1185\Design Project 3\li.tel-VTM\Datasheets\eagle files\Ethernet Shield v2.0.brd
    Load settings
    Load layers 121
    Load board
    Load Library "moudle"
    Load Packages 1
    Load Library "Connector"
    Load Packages 4
    Load Library "Discrete"
    Load Packages 12
    Load Library "IC"
    Load Packages 3
    Load Library "For_Test_Albert_v6"
    Load Packages 2
    Load Library "Logo"
    Load Packages 2
EndSection

Section : Analyze Document - C:\Users\Raheel Farouk\Documents\!University Work\2022 Fall\ECE1185\Design Project 3\li.tel-VTM\Datasheets\eagle files\Ethernet Shield v2.0.sch
    Analyzing data of C:\Users\Raheel Farouk\Documents\!University Work\2022 Fall\ECE1185\Design Project 3\li.tel-VTM\Datasheets\eagle files\Ethernet Shield v2.0.sch
    Load settings
    Load layers 104
    Load schematic
    Load Libraries 6
    Load Library "SparkFun"
    Load Packages 0
    Load Symbols 1
    Load DeviceSets 1
    Load Library "moudle"
    Load Packages 1
    Load Symbols 1
    Load DeviceSets 1
    Load Library "Connector"
    Load Packages 9
    Load Symbols 4
    Load DeviceSets 4
    Load Library "Discrete"
    Load Packages 86
    Load Symbols 8
    Load DeviceSets 8
    Load Library "IC"
    Load Packages 6
    Load Symbols 4
    Load DeviceSets 3
    Load Library "For_Test_Albert_v6"
    Load Packages 2
    Load Symbols 2
    Load DeviceSets 2
    Load Attributes 0
    Load Classes 3
    Load Parts 74
    Load Sheets 1
EndSection
